# JRE version: Java(TM) SE Runtime Environment (16.0.1+9) (build 16.0.1+9-24)
# Java VM: Java HotSpot(TM) 64-Bit Server VM (16.0.1+9-24, mixed mode, sharing, tiered, compressed oops, compressed class ptrs, g1 gc, windows-amd64)
GC Precious Log:
 CPUs: 4 total, 4 available
 Memory: 4009M
 Large Page Support: Disabled
 NUMA Support: Disabled
 Compressed Oops: Enabled (32-bit)
 Heap Region Size: 1M
 Heap Min Capacity: 8M
 Heap Initial Capacity: 64M
 Heap Max Capacity: 1004M
 Pre-touch: Disabled
 Parallel Workers: 4
 Concurrent Workers: 1
 Concurrent Refinement Workers: 4
 Periodic GC: Disabled
Heap:
 garbage-first heap   total 208896K, used 133636K [0x00000000c1400000, 0x0000000100000000)
  region size 1024K, 23 young (23552K), 1 survivors (1024K)
 Metaspace       used 16321K, committed 16576K, reserved 1064960K
  class space    used 1720K, committed 1856K, reserved 1048576K
GC Heap History (20 events):
Event: 20.286 GC heap before
{Heap before GC invocations=21 (full 0):
 garbage-first heap   total 131072K, used 77766K [0x00000000c1400000, 0x0000000100000000)
  region size 1024K, 8 young (8192K), 3 survivors (3072K)
 Metaspace       used 12682K, committed 12928K, reserved 1064960K
  class space    used 1354K, committed 1472K, reserved 1048576K
}
Event: 20.290 GC heap after
{Heap after GC invocations=22 (full 0):
 garbage-first heap   total 131072K, used 73768K [0x00000000c1400000, 0x0000000100000000)
  region size 1024K, 3 young (3072K), 3 survivors (3072K)
 Metaspace       used 12682K, committed 12928K, reserved 1064960K
  class space    used 1354K, committed 1472K, reserved 1048576K
}
Event: 20.337 GC heap before
{Heap before GC invocations=23 (full 0):
 garbage-first heap   total 132096K, used 76840K [0x00000000c1400000, 0x0000000100000000)
  region size 1024K, 5 young (5120K), 3 survivors (3072K)
 Metaspace       used 12684K, committed 12928K, reserved 1064960K
  class space    used 1354K, committed 1472K, reserved 1048576K
}
Event: 20.343 GC heap after
{Heap after GC invocations=24 (full 0):
 garbage-first heap   total 132096K, used 75820K [0x00000000c1400000, 0x0000000100000000)
  region size 1024K, 3 young (3072K), 3 survivors (3072K)
 Metaspace       used 12684K, committed 12928K, reserved 1064960K
  class space    used 1354K, committed 1472K, reserved 1048576K
}
Event: 20.381 GC heap before
{Heap before GC invocations=25 (full 0):
 garbage-first heap   total 135168K, used 79916K [0x00000000c1400000, 0x0000000100000000)
  region size 1024K, 6 young (6144K), 3 survivors (3072K)
 Metaspace       used 12694K, committed 12928K, reserved 1064960K
  class space    used 1354K, committed 1472K, reserved 1048576K
}
Event: 20.388 GC heap after
{Heap after GC invocations=26 (full 0):
 garbage-first heap   total 135168K, used 77809K [0x00000000c1400000, 0x0000000100000000)
  region size 1024K, 3 young (3072K), 3 survivors (3072K)
 Metaspace       used 12694K, committed 12928K, reserved 1064960K
  class space    used 1354K, committed 1472K, reserved 1048576K
}
Event: 20.456 GC heap before
{Heap before GC invocations=27 (full 0):
 garbage-first heap   total 138240K, used 80881K [0x00000000c1400000, 0x0000000100000000)
  region size 1024K, 5 young (5120K), 3 survivors (3072K)
 Metaspace       used 12784K, committed 12992K, reserved 1064960K
  class space    used 1359K, committed 1472K, reserved 1048576K
}
Event: 20.463 GC heap after
{Heap after GC invocations=28 (full 0):
 garbage-first heap   total 138240K, used 80020K [0x00000000c1400000, 0x0000000100000000)
  region size 1024K, 3 young (3072K), 3 survivors (3072K)
 Metaspace       used 12784K, committed 12992K, reserved 1064960K
  class space    used 1359K, committed 1472K, reserved 1048576K
}
Event: 20.585 GC heap before
{Heap before GC invocations=29 (full 0):
 garbage-first heap   total 138240K, used 82068K [0x00000000c1400000, 0x0000000100000000)
  region size 1024K, 5 young (5120K), 3 survivors (3072K)
 Metaspace       used 12792K, committed 13056K, reserved 1064960K
  class space    used 1359K, committed 1472K, reserved 1048576K
}
Event: 20.591 GC heap after
{Heap after GC invocations=30 (full 0):
 garbage-first heap   total 138240K, used 80868K [0x00000000c1400000, 0x0000000100000000)
  region size 1024K, 3 young (3072K), 3 survivors (3072K)
 Metaspace       used 12792K, committed 13056K, reserved 1064960K
  class space    used 1359K, committed 1472K, reserved 1048576K
}
Event: 20.768 GC heap before
{Heap before GC invocations=31 (full 0):
 garbage-first heap   total 142336K, used 84964K [0x00000000c1400000, 0x0000000100000000)
  region size 1024K, 6 young (6144K), 3 survivors (3072K)
 Metaspace       used 12878K, committed 13184K, reserved 1064960K
  class space    used 1367K, committed 1536K, reserved 1048576K
}
Event: 20.774 GC heap after
{Heap after GC invocations=32 (full 0):
 garbage-first heap   total 142336K, used 83051K [0x00000000c1400000, 0x0000000100000000)
  region size 1024K, 3 young (3072K), 3 survivors (3072K)
 Metaspace       used 12878K, committed 13184K, reserved 1064960K
  class space    used 1367K, committed 1536K, reserved 1048576K
}
Event: 20.941 GC heap before
{Heap before GC invocations=33 (full 0):
 garbage-first heap   total 145408K, used 86123K [0x00000000c1400000, 0x0000000100000000)
  region size 1024K, 5 young (5120K), 3 survivors (3072K)
 Metaspace       used 12880K, committed 13184K, reserved 1064960K
  class space    used 1367K, committed 1536K, reserved 1048576K
}
Event: 20.947 GC heap after
{Heap after GC invocations=34 (full 0):
 garbage-first heap   total 145408K, used 85121K [0x00000000c1400000, 0x0000000100000000)
  region size 1024K, 3 young (3072K), 3 survivors (3072K)
 Metaspace       used 12880K, committed 13184K, reserved 1064960K
  class space    used 1367K, committed 1536K, reserved 1048576K
}
Event: 21.123 GC heap before
{Heap before GC invocations=35 (full 0):
 garbage-first heap   total 148480K, used 89217K [0x00000000c1400000, 0x0000000100000000)
  region size 1024K, 6 young (6144K), 3 survivors (3072K)
 Metaspace       used 12909K, committed 13184K, reserved 1064960K
  class space    used 1367K, committed 1536K, reserved 1048576K
}
Event: 21.130 GC heap after
{Heap after GC invocations=36 (full 0):
 garbage-first heap   total 208896K, used 87443K [0x00000000c1400000, 0x0000000100000000)
  region size 1024K, 3 young (3072K), 3 survivors (3072K)
 Metaspace       used 12909K, committed 13184K, reserved 1064960K
  class space    used 1367K, committed 1536K, reserved 1048576K
}
Event: 27.505 GC heap before
{Heap before GC invocations=36 (full 0):
 garbage-first heap   total 208896K, used 100755K [0x00000000c1400000, 0x0000000100000000)
  region size 1024K, 9 young (9216K), 3 survivors (3072K)
 Metaspace       used 13277K, committed 13568K, reserved 1064960K
  class space    used 1416K, committed 1600K, reserved 1048576K
}
Event: 27.522 GC heap after
{Heap after GC invocations=37 (full 0):
 garbage-first heap   total 208896K, used 95822K [0x00000000c1400000, 0x0000000100000000)
  region size 1024K, 3 young (3072K), 3 survivors (3072K)
 Metaspace       used 13277K, committed 13568K, reserved 1064960K
  class space    used 1416K, committed 1600K, reserved 1048576K
}
Event: 27.721 GC heap before
{Heap before GC invocations=37 (full 0):
 garbage-first heap   total 208896K, used 119374K [0x00000000c1400000, 0x0000000100000000)
  region size 1024K, 16 young (16384K), 3 survivors (3072K)
 Metaspace       used 13357K, committed 13632K, reserved 1064960K
  class space    used 1431K, committed 1600K, reserved 1048576K
}
Event: 27.726 GC heap after
{Heap after GC invocations=38 (full 0):
 garbage-first heap   total 208896K, used 108036K [0x00000000c1400000, 0x0000000100000000)
  region size 1024K, 1 young (1024K), 1 survivors (1024K)
 Metaspace       used 13357K, committed 13632K, reserved 1064960K
  class space    used 1431K, committed 1600K, reserved 1048576K
}

