# JRE version: Java(TM) SE Runtime Environment (16.0.1+9) (build 16.0.1+9-24)
# Java VM: Java HotSpot(TM) 64-Bit Server VM (16.0.1+9-24, mixed mode, sharing, tiered, compressed oops, compressed class ptrs, g1 gc, windows-amd64)
GC Precious Log:
 CPUs: 4 total, 4 available
 Memory: 4009M
 Large Page Support: Disabled
 NUMA Support: Disabled
 Compressed Oops: Enabled (32-bit)
 Heap Region Size: 1M
 Heap Min Capacity: 8M
 Heap Initial Capacity: 64M
 Heap Max Capacity: 1004M
 Pre-touch: Disabled
 Parallel Workers: 4
 Concurrent Workers: 1
 Concurrent Refinement Workers: 4
 Periodic GC: Disabled
Heap:
 garbage-first heap   total 87040K, used 54175K [0x00000000c1400000, 0x0000000100000000)
  region size 1024K, 3 young (3072K), 2 survivors (2048K)
 Metaspace       used 12078K, committed 12288K, reserved 1064960K
  class space    used 1305K, committed 1408K, reserved 1048576K
GC Heap History (10 events):
Event: 19.253 GC heap before
{Heap before GC invocations=0 (full 0):
 garbage-first heap   total 65536K, used 19456K [0x00000000c1400000, 0x0000000100000000)
  region size 1024K, 13 young (13312K), 0 survivors (0K)
 Metaspace       used 5810K, committed 6016K, reserved 1056768K
  class space    used 600K, committed 704K, reserved 1048576K
}
Event: 19.266 GC heap after
{Heap after GC invocations=1 (full 0):
 garbage-first heap   total 65536K, used 9727K [0x00000000c1400000, 0x0000000100000000)
  region size 1024K, 2 young (2048K), 2 survivors (2048K)
 Metaspace       used 5810K, committed 6016K, reserved 1056768K
  class space    used 600K, committed 704K, reserved 1048576K
}
Event: 25.089 GC heap before
{Heap before GC invocations=1 (full 0):
 garbage-first heap   total 65536K, used 39423K [0x00000000c1400000, 0x0000000100000000)
  region size 1024K, 17 young (17408K), 2 survivors (2048K)
 Metaspace       used 8284K, committed 8512K, reserved 1056768K
  class space    used 897K, committed 1024K, reserved 1048576K
}
Event: 25.101 GC heap after
{Heap after GC invocations=2 (full 0):
 garbage-first heap   total 65536K, used 25783K [0x00000000c1400000, 0x0000000100000000)
  region size 1024K, 1 young (1024K), 1 survivors (1024K)
 Metaspace       used 8284K, committed 8512K, reserved 1056768K
  class space    used 897K, committed 1024K, reserved 1048576K
}
Event: 38.989 GC heap before
{Heap before GC invocations=2 (full 0):
 garbage-first heap   total 65536K, used 34999K [0x00000000c1400000, 0x0000000100000000)
  region size 1024K, 11 young (11264K), 1 survivors (1024K)
 Metaspace       used 12076K, committed 12288K, reserved 1064960K
  class space    used 1305K, committed 1408K, reserved 1048576K
}
Event: 38.995 GC heap after
{Heap after GC invocations=3 (full 0):
 garbage-first heap   total 65536K, used 15160K [0x00000000c1400000, 0x0000000100000000)
  region size 1024K, 3 young (3072K), 3 survivors (3072K)
 Metaspace       used 12076K, committed 12288K, reserved 1064960K
  class space    used 1305K, committed 1408K, reserved 1048576K
}
Event: 39.809 GC heap before
{Heap before GC invocations=3 (full 0):
 garbage-first heap   total 87040K, used 75576K [0x00000000c1400000, 0x0000000100000000)
  region size 1024K, 32 young (32768K), 3 survivors (3072K)
 Metaspace       used 12077K, committed 12288K, reserved 1064960K
  class space    used 1305K, committed 1408K, reserved 1048576K
}
Event: 39.814 GC heap after
{Heap after GC invocations=4 (full 0):
 garbage-first heap   total 87040K, used 47074K [0x00000000c1400000, 0x0000000100000000)
  region size 1024K, 2 young (2048K), 2 survivors (2048K)
 Metaspace       used 12077K, committed 12288K, reserved 1064960K
  class space    used 1305K, committed 1408K, reserved 1048576K
}
Event: 39.934 GC heap before
{Heap before GC invocations=4 (full 0):
 garbage-first heap   total 87040K, used 47074K [0x00000000c1400000, 0x0000000100000000)
  region size 1024K, 4 young (4096K), 2 survivors (2048K)
 Metaspace       used 12078K, committed 12288K, reserved 1064960K
  class space    used 1305K, committed 1408K, reserved 1048576K
}
Event: 39.937 GC heap after
{Heap after GC invocations=5 (full 0):
 garbage-first heap   total 87040K, used 47007K [0x00000000c1400000, 0x0000000100000000)
  region size 1024K, 2 young (2048K), 2 survivors (2048K)
 Metaspace       used 12078K, committed 12288K, reserved 1064960K
  class space    used 1305K, committed 1408K, reserved 1048576K
}

