# JRE version: Java(TM) SE Runtime Environment (16.0.1+9) (build 16.0.1+9-24)
# Java VM: Java HotSpot(TM) 64-Bit Server VM (16.0.1+9-24, mixed mode, sharing, tiered, compressed oops, compressed class ptrs, g1 gc, windows-amd64)
GC Precious Log:
 CPUs: 4 total, 4 available
 Memory: 4009M
 Large Page Support: Disabled
 NUMA Support: Disabled
 Compressed Oops: Enabled (32-bit)
 Heap Region Size: 1M
 Heap Min Capacity: 8M
 Heap Initial Capacity: 64M
 Heap Max Capacity: 1004M
 Pre-touch: Disabled
 Parallel Workers: 4
 Concurrent Workers: 1
 Concurrent Refinement Workers: 4
 Periodic GC: Disabled
Heap:
 garbage-first heap   total 142336K, used 83075K [0x00000000c1400000, 0x0000000100000000)
  region size 1024K, 3 young (3072K), 3 survivors (3072K)
 Metaspace       used 12870K, committed 13184K, reserved 1064960K
  class space    used 1368K, committed 1536K, reserved 1048576K
GC Heap History (20 events):
Event: 22.293 GC heap after
{Heap after GC invocations=18 (full 0):
 garbage-first heap   total 115712K, used 58252K [0x00000000c1400000, 0x0000000100000000)
  region size 1024K, 3 young (3072K), 3 survivors (3072K)
 Metaspace       used 12550K, committed 12736K, reserved 1064960K
  class space    used 1341K, committed 1408K, reserved 1048576K
}
Event: 22.395 GC heap before
{Heap before GC invocations=19 (full 0):
 garbage-first heap   total 115712K, used 61324K [0x00000000c1400000, 0x0000000100000000)
  region size 1024K, 5 young (5120K), 3 survivors (3072K)
 Metaspace       used 12553K, committed 12736K, reserved 1064960K
  class space    used 1341K, committed 1408K, reserved 1048576K
}
Event: 22.400 GC heap after
{Heap after GC invocations=20 (full 0):
 garbage-first heap   total 115712K, used 60383K [0x00000000c1400000, 0x0000000100000000)
  region size 1024K, 3 young (3072K), 3 survivors (3072K)
 Metaspace       used 12553K, committed 12736K, reserved 1064960K
  class space    used 1341K, committed 1408K, reserved 1048576K
}
Event: 22.451 GC heap before
{Heap before GC invocations=21 (full 0):
 garbage-first heap   total 115712K, used 63455K [0x00000000c1400000, 0x0000000100000000)
  region size 1024K, 5 young (5120K), 3 survivors (3072K)
 Metaspace       used 12553K, committed 12736K, reserved 1064960K
  class space    used 1341K, committed 1408K, reserved 1048576K
}
Event: 22.455 GC heap after
{Heap after GC invocations=22 (full 0):
 garbage-first heap   total 115712K, used 62461K [0x00000000c1400000, 0x0000000100000000)
  region size 1024K, 3 young (3072K), 3 survivors (3072K)
 Metaspace       used 12553K, committed 12736K, reserved 1064960K
  class space    used 1341K, committed 1408K, reserved 1048576K
}
Event: 22.569 GC heap before
{Heap before GC invocations=23 (full 0):
 garbage-first heap   total 115712K, used 70653K [0x00000000c1400000, 0x0000000100000000)
  region size 1024K, 8 young (8192K), 3 survivors (3072K)
 Metaspace       used 12562K, committed 12736K, reserved 1064960K
  class space    used 1341K, committed 1408K, reserved 1048576K
}
Event: 22.574 GC heap after
{Heap after GC invocations=24 (full 0):
 garbage-first heap   total 115712K, used 66506K [0x00000000c1400000, 0x0000000100000000)
  region size 1024K, 3 young (3072K), 3 survivors (3072K)
 Metaspace       used 12562K, committed 12736K, reserved 1064960K
  class space    used 1341K, committed 1408K, reserved 1048576K
}
Event: 22.698 GC heap before
{Heap before GC invocations=25 (full 0):
 garbage-first heap   total 121856K, used 72650K [0x00000000c1400000, 0x0000000100000000)
  region size 1024K, 7 young (7168K), 3 survivors (3072K)
 Metaspace       used 12676K, committed 12928K, reserved 1064960K
  class space    used 1355K, committed 1472K, reserved 1048576K
}
Event: 22.705 GC heap after
{Heap after GC invocations=26 (full 0):
 garbage-first heap   total 121856K, used 69666K [0x00000000c1400000, 0x0000000100000000)
  region size 1024K, 3 young (3072K), 3 survivors (3072K)
 Metaspace       used 12676K, committed 12928K, reserved 1064960K
  class space    used 1355K, committed 1472K, reserved 1048576K
}
Event: 22.934 GC heap before
{Heap before GC invocations=27 (full 0):
 garbage-first heap   total 126976K, used 77858K [0x00000000c1400000, 0x0000000100000000)
  region size 1024K, 8 young (8192K), 3 survivors (3072K)
 Metaspace       used 12678K, committed 12928K, reserved 1064960K
  class space    used 1355K, committed 1472K, reserved 1048576K
}
Event: 22.939 GC heap after
{Heap after GC invocations=28 (full 0):
 garbage-first heap   total 126976K, used 73743K [0x00000000c1400000, 0x0000000100000000)
  region size 1024K, 3 young (3072K), 3 survivors (3072K)
 Metaspace       used 12678K, committed 12928K, reserved 1064960K
  class space    used 1355K, committed 1472K, reserved 1048576K
}
Event: 22.991 GC heap before
{Heap before GC invocations=29 (full 0):
 garbage-first heap   total 132096K, used 76815K [0x00000000c1400000, 0x0000000100000000)
  region size 1024K, 5 young (5120K), 3 survivors (3072K)
 Metaspace       used 12681K, committed 12928K, reserved 1064960K
  class space    used 1355K, committed 1472K, reserved 1048576K
}
Event: 22.999 GC heap after
{Heap after GC invocations=30 (full 0):
 garbage-first heap   total 132096K, used 75861K [0x00000000c1400000, 0x0000000100000000)
  region size 1024K, 3 young (3072K), 3 survivors (3072K)
 Metaspace       used 12681K, committed 12928K, reserved 1064960K
  class space    used 1355K, committed 1472K, reserved 1048576K
}
Event: 23.057 GC heap before
{Heap before GC invocations=31 (full 0):
 garbage-first heap   total 133120K, used 78933K [0x00000000c1400000, 0x0000000100000000)
  region size 1024K, 5 young (5120K), 3 survivors (3072K)
 Metaspace       used 12690K, committed 12928K, reserved 1064960K
  class space    used 1355K, committed 1472K, reserved 1048576K
}
Event: 23.063 GC heap after
{Heap after GC invocations=32 (full 0):
 garbage-first heap   total 133120K, used 77983K [0x00000000c1400000, 0x0000000100000000)
  region size 1024K, 3 young (3072K), 3 survivors (3072K)
 Metaspace       used 12690K, committed 12928K, reserved 1064960K
  class space    used 1355K, committed 1472K, reserved 1048576K
}
Event: 23.178 GC heap before
{Heap before GC invocations=33 (full 0):
 garbage-first heap   total 137216K, used 81055K [0x00000000c1400000, 0x0000000100000000)
  region size 1024K, 5 young (5120K), 3 survivors (3072K)
 Metaspace       used 12781K, committed 12992K, reserved 1064960K
  class space    used 1360K, committed 1472K, reserved 1048576K
}
Event: 23.184 GC heap after
{Heap after GC invocations=34 (full 0):
 garbage-first heap   total 137216K, used 80089K [0x00000000c1400000, 0x0000000100000000)
  region size 1024K, 3 young (3072K), 3 survivors (3072K)
 Metaspace       used 12781K, committed 12992K, reserved 1064960K
  class space    used 1360K, committed 1472K, reserved 1048576K
}
Event: 23.280 GC heap before
{Heap before GC invocations=35 (full 0):
 garbage-first heap   total 138240K, used 82137K [0x00000000c1400000, 0x0000000100000000)
  region size 1024K, 5 young (5120K), 3 survivors (3072K)
 Metaspace       used 12784K, committed 12992K, reserved 1064960K
  class space    used 1360K, committed 1472K, reserved 1048576K
}
Event: 23.284 GC heap after
{Heap after GC invocations=36 (full 0):
 garbage-first heap   total 138240K, used 81031K [0x00000000c1400000, 0x0000000100000000)
  region size 1024K, 3 young (3072K), 3 survivors (3072K)
 Metaspace       used 12784K, committed 12992K, reserved 1064960K
  class space    used 1360K, committed 1472K, reserved 1048576K
}
Event: 23.483 GC heap before
{Heap before GC invocations=37 (full 0):
 garbage-first heap   total 142336K, used 85127K [0x00000000c1400000, 0x0000000100000000)
  region size 1024K, 6 young (6144K), 3 survivors (3072K)
 Metaspace       used 12870K, committed 13184K, reserved 1064960K
  class space    used 1368K, committed 1536K, reserved 1048576K
}

