# JRE version: Java(TM) SE Runtime Environment (16.0.1+9) (build 16.0.1+9-24)
# Java VM: Java HotSpot(TM) 64-Bit Server VM (16.0.1+9-24, mixed mode, sharing, tiered, compressed oops, compressed class ptrs, g1 gc, windows-amd64)
GC Precious Log:
 CPUs: 4 total, 4 available
 Memory: 4009M
 Large Page Support: Disabled
 NUMA Support: Disabled
 Compressed Oops: Enabled (32-bit)
 Heap Region Size: 1M
 Heap Min Capacity: 8M
 Heap Initial Capacity: 64M
 Heap Max Capacity: 1004M
 Pre-touch: Disabled
 Parallel Workers: 4
 Concurrent Workers: 1
 Concurrent Refinement Workers: 4
 Periodic GC: Disabled
Heap:
 garbage-first heap   total 197632K, used 69286K [0x00000000c1400000, 0x0000000100000000)
  region size 1024K, 18 young (18432K), 1 survivors (1024K)
 Metaspace       used 12300K, committed 12544K, reserved 1064960K
  class space    used 1315K, committed 1472K, reserved 1048576K
GC Heap History (20 events):
Event: 9.550 GC heap before
{Heap before GC invocations=20 (full 0):
 garbage-first heap   total 84992K, used 42639K [0x00000000c1400000, 0x0000000100000000)
  region size 1024K, 2 young (2048K), 1 survivors (1024K)
 Metaspace       used 6918K, committed 7104K, reserved 1056768K
  class space    used 706K, committed 832K, reserved 1048576K
}
Event: 9.553 GC heap after
{Heap after GC invocations=21 (full 0):
 garbage-first heap   total 84992K, used 41617K [0x00000000c1400000, 0x0000000100000000)
  region size 1024K, 1 young (1024K), 1 survivors (1024K)
 Metaspace       used 6918K, committed 7104K, reserved 1056768K
  class space    used 706K, committed 832K, reserved 1048576K
}
Event: 9.607 GC heap before
{Heap before GC invocations=22 (full 0):
 garbage-first heap   total 84992K, used 43665K [0x00000000c1400000, 0x0000000100000000)
  region size 1024K, 2 young (2048K), 1 survivors (1024K)
 Metaspace       used 6929K, committed 7104K, reserved 1056768K
  class space    used 706K, committed 832K, reserved 1048576K
}
Event: 9.611 GC heap after
{Heap after GC invocations=23 (full 0):
 garbage-first heap   total 102400K, used 41618K [0x00000000c1400000, 0x0000000100000000)
  region size 1024K, 1 young (1024K), 1 survivors (1024K)
 Metaspace       used 6929K, committed 7104K, reserved 1056768K
  class space    used 706K, committed 832K, reserved 1048576K
}
Event: 9.704 GC heap before
{Heap before GC invocations=23 (full 0):
 garbage-first heap   total 102400K, used 46738K [0x00000000c1400000, 0x0000000100000000)
  region size 1024K, 3 young (3072K), 1 survivors (1024K)
 Metaspace       used 6938K, committed 7104K, reserved 1056768K
  class space    used 706K, committed 832K, reserved 1048576K
}
Event: 9.708 GC heap after
{Heap after GC invocations=24 (full 0):
 garbage-first heap   total 102400K, used 43651K [0x00000000c1400000, 0x0000000100000000)
  region size 1024K, 1 young (1024K), 1 survivors (1024K)
 Metaspace       used 6938K, committed 7104K, reserved 1056768K
  class space    used 706K, committed 832K, reserved 1048576K
}
Event: 9.761 GC heap before
{Heap before GC invocations=24 (full 0):
 garbage-first heap   total 102400K, used 45699K [0x00000000c1400000, 0x0000000100000000)
  region size 1024K, 2 young (2048K), 1 survivors (1024K)
 Metaspace       used 6943K, committed 7104K, reserved 1056768K
  class space    used 706K, committed 832K, reserved 1048576K
}
Event: 9.766 GC heap after
{Heap after GC invocations=25 (full 0):
 garbage-first heap   total 102400K, used 41619K [0x00000000c1400000, 0x0000000100000000)
  region size 1024K, 1 young (1024K), 1 survivors (1024K)
 Metaspace       used 6943K, committed 7104K, reserved 1056768K
  class space    used 706K, committed 832K, reserved 1048576K
}
Event: 9.868 GC heap before
{Heap before GC invocations=25 (full 0):
 garbage-first heap   total 102400K, used 46739K [0x00000000c1400000, 0x0000000100000000)
  region size 1024K, 3 young (3072K), 1 survivors (1024K)
 Metaspace       used 6949K, committed 7168K, reserved 1056768K
  class space    used 706K, committed 832K, reserved 1048576K
}
Event: 9.874 GC heap after
{Heap after GC invocations=26 (full 0):
 garbage-first heap   total 102400K, used 43670K [0x00000000c1400000, 0x0000000100000000)
  region size 1024K, 1 young (1024K), 1 survivors (1024K)
 Metaspace       used 6949K, committed 7168K, reserved 1056768K
  class space    used 706K, committed 832K, reserved 1048576K
}
Event: 9.916 GC heap before
{Heap before GC invocations=26 (full 0):
 garbage-first heap   total 102400K, used 45718K [0x00000000c1400000, 0x0000000100000000)
  region size 1024K, 2 young (2048K), 1 survivors (1024K)
 Metaspace       used 6950K, committed 7168K, reserved 1056768K
  class space    used 706K, committed 832K, reserved 1048576K
}
Event: 9.924 GC heap after
{Heap after GC invocations=27 (full 0):
 garbage-first heap   total 197632K, used 41638K [0x00000000c1400000, 0x0000000100000000)
  region size 1024K, 1 young (1024K), 1 survivors (1024K)
 Metaspace       used 6950K, committed 7168K, reserved 1056768K
  class space    used 706K, committed 832K, reserved 1048576K
}
Event: 10.638 GC heap before
{Heap before GC invocations=27 (full 0):
 garbage-first heap   total 197632K, used 89766K [0x00000000c1400000, 0x0000000100000000)
  region size 1024K, 3 young (3072K), 1 survivors (1024K)
 Metaspace       used 7103K, committed 7296K, reserved 1056768K
  class space    used 708K, committed 832K, reserved 1048576K
}
Event: 10.643 GC heap after
{Heap after GC invocations=28 (full 0):
 garbage-first heap   total 197632K, used 86694K [0x00000000c1400000, 0x0000000100000000)
  region size 1024K, 1 young (1024K), 1 survivors (1024K)
 Metaspace       used 7103K, committed 7296K, reserved 1056768K
  class space    used 708K, committed 832K, reserved 1048576K
}
Event: 10.673 GC heap before
{Heap before GC invocations=28 (full 0):
 garbage-first heap   total 197632K, used 89766K [0x00000000c1400000, 0x0000000100000000)
  region size 1024K, 3 young (3072K), 1 survivors (1024K)
 Metaspace       used 7106K, committed 7296K, reserved 1056768K
  class space    used 708K, committed 832K, reserved 1048576K
}
Event: 10.678 GC heap after
{Heap after GC invocations=29 (full 0):
 garbage-first heap   total 197632K, used 42661K [0x00000000c1400000, 0x0000000100000000)
  region size 1024K, 1 young (1024K), 1 survivors (1024K)
 Metaspace       used 7106K, committed 7296K, reserved 1056768K
  class space    used 708K, committed 832K, reserved 1048576K
}
Event: 11.384 GC heap before
{Heap before GC invocations=29 (full 0):
 garbage-first heap   total 197632K, used 88741K [0x00000000c1400000, 0x0000000100000000)
  region size 1024K, 3 young (3072K), 1 survivors (1024K)
 Metaspace       used 7155K, committed 7360K, reserved 1056768K
  class space    used 708K, committed 832K, reserved 1048576K
}
Event: 11.389 GC heap after
{Heap after GC invocations=30 (full 0):
 garbage-first heap   total 197632K, used 85692K [0x00000000c1400000, 0x0000000100000000)
  region size 1024K, 1 young (1024K), 1 survivors (1024K)
 Metaspace       used 7155K, committed 7360K, reserved 1056768K
  class space    used 708K, committed 832K, reserved 1048576K
}
Event: 11.446 GC heap before
{Heap before GC invocations=30 (full 0):
 garbage-first heap   total 197632K, used 89788K [0x00000000c1400000, 0x0000000100000000)
  region size 1024K, 3 young (3072K), 1 survivors (1024K)
 Metaspace       used 7183K, committed 7360K, reserved 1056768K
  class space    used 708K, committed 832K, reserved 1048576K
}
Event: 11.449 GC heap after
{Heap after GC invocations=31 (full 0):
 garbage-first heap   total 197632K, used 44710K [0x00000000c1400000, 0x0000000100000000)
  region size 1024K, 1 young (1024K), 1 survivors (1024K)
 Metaspace       used 7183K, committed 7360K, reserved 1056768K
  class space    used 708K, committed 832K, reserved 1048576K
}

